<?xml version="1.0" encoding="UTF-8"?>
<testsuites name="jest tests" tests="13" failures="2" errors="0" time="13.237">
  <testsuite name="8.4 Requisitos No Funcionales - Aplicación Real" errors="0" failures="2" skipped="0" timestamp="2025-09-19T18:42:39" time="12.462" tests="13">
    <testcase classname="8.4 Requisitos No Funcionales - Aplicación Real NFR-01: Rendimiento de Aplicación Real la página principal debe cargar en menos de 3 segundos" name="8.4 Requisitos No Funcionales - Aplicación Real NFR-01: Rendimiento de Aplicación Real la página principal debe cargar en menos de 3 segundos" time="2.144">
    </testcase>
    <testcase classname="8.4 Requisitos No Funcionales - Aplicación Real NFR-01: Rendimiento de Aplicación Real la carga de diagramas BPMN debe ser fluida" name="8.4 Requisitos No Funcionales - Aplicación Real NFR-01: Rendimiento de Aplicación Real la carga de diagramas BPMN debe ser fluida" time="2.261">
    </testcase>
    <testcase classname="8.4 Requisitos No Funcionales - Aplicación Real NFR-01: Rendimiento de Aplicación Real las operaciones de zoom deben ser responsivas" name="8.4 Requisitos No Funcionales - Aplicación Real NFR-01: Rendimiento de Aplicación Real las operaciones de zoom deben ser responsivas" time="0.492">
    </testcase>
    <testcase classname="8.4 Requisitos No Funcionales - Aplicación Real NFR-01: Rendimiento de Aplicación Real el guardado de proyectos debe ser eficiente" name="8.4 Requisitos No Funcionales - Aplicación Real NFR-01: Rendimiento de Aplicación Real el guardado de proyectos debe ser eficiente" time="1.642">
    </testcase>
    <testcase classname="8.4 Requisitos No Funcionales - Aplicación Real NFR-02: Usabilidad Real la navegación entre paneles debe ser intuitiva" name="8.4 Requisitos No Funcionales - Aplicación Real NFR-02: Usabilidad Real la navegación entre paneles debe ser intuitiva" time="0.107">
      <failure>Error: expect(received).toBeLessThan(expected)

Expected: &lt; 100
Received:   101
    at toBeLessThan (D:\ETSII\4 CARRERA\2C\TFG\MNM2\MultiModeler\tests\8.4-non-functional\real-app-nfr.test.js:179:25)
    at Generator.call (D:\ETSII\4 CARRERA\2C\TFG\MNM2\MultiModeler\tests\8.4-non-functional\real-app-nfr.test.js:2:1)
    at Generator._invoke [as next] (D:\ETSII\4 CARRERA\2C\TFG\MNM2\MultiModeler\tests\8.4-non-functional\real-app-nfr.test.js:2:1)
    at asyncGeneratorStep (D:\ETSII\4 CARRERA\2C\TFG\MNM2\MultiModeler\tests\8.4-non-functional\real-app-nfr.test.js:2:1)
    at asyncGeneratorStep (D:\ETSII\4 CARRERA\2C\TFG\MNM2\MultiModeler\tests\8.4-non-functional\real-app-nfr.test.js:2:1)</failure>
    </testcase>
    <testcase classname="8.4 Requisitos No Funcionales - Aplicación Real NFR-02: Usabilidad Real la interfaz debe mantener estado entre operaciones" name="8.4 Requisitos No Funcionales - Aplicación Real NFR-02: Usabilidad Real la interfaz debe mantener estado entre operaciones" time="0.106">
    </testcase>
    <testcase classname="8.4 Requisitos No Funcionales - Aplicación Real NFR-02: Usabilidad Real los mensajes de error deben ser claros y accionables" name="8.4 Requisitos No Funcionales - Aplicación Real NFR-02: Usabilidad Real los mensajes de error deben ser claros y accionables" time="0.004">
    </testcase>
    <testcase classname="8.4 Requisitos No Funcionales - Aplicación Real NFR-03: Escalabilidad Real debe manejar diagramas con muchos elementos" name="8.4 Requisitos No Funcionales - Aplicación Real NFR-03: Escalabilidad Real debe manejar diagramas con muchos elementos" time="2.825">
    </testcase>
    <testcase classname="8.4 Requisitos No Funcionales - Aplicación Real NFR-03: Escalabilidad Real el uso de memoria debe ser estable" name="8.4 Requisitos No Funcionales - Aplicación Real NFR-03: Escalabilidad Real el uso de memoria debe ser estable" time="0.329">
    </testcase>
    <testcase classname="8.4 Requisitos No Funcionales - Aplicación Real NFR-04: Compatibilidad Real debe funcionar en diferentes resoluciones de pantalla" name="8.4 Requisitos No Funcionales - Aplicación Real NFR-04: Compatibilidad Real debe funcionar en diferentes resoluciones de pantalla" time="0.07">
      <failure>Error: expect(received).toBe(expected) // Object.is equality

Expected: true
Received: false
    at toBe (D:\ETSII\4 CARRERA\2C\TFG\MNM2\MultiModeler\tests\8.4-non-functional\real-app-nfr.test.js:424:33)
    at Generator.call (D:\ETSII\4 CARRERA\2C\TFG\MNM2\MultiModeler\tests\8.4-non-functional\real-app-nfr.test.js:2:1)
    at Generator._invoke [as next] (D:\ETSII\4 CARRERA\2C\TFG\MNM2\MultiModeler\tests\8.4-non-functional\real-app-nfr.test.js:2:1)
    at Generator.call (D:\ETSII\4 CARRERA\2C\TFG\MNM2\MultiModeler\tests\8.4-non-functional\real-app-nfr.test.js:2:1)
    at Generator._invoke [as next] (D:\ETSII\4 CARRERA\2C\TFG\MNM2\MultiModeler\tests\8.4-non-functional\real-app-nfr.test.js:2:1)
    at asyncGeneratorStep (D:\ETSII\4 CARRERA\2C\TFG\MNM2\MultiModeler\tests\8.4-non-functional\real-app-nfr.test.js:2:1)
    at asyncGeneratorStep (D:\ETSII\4 CARRERA\2C\TFG\MNM2\MultiModeler\tests\8.4-non-functional\real-app-nfr.test.js:2:1)</failure>
    </testcase>
    <testcase classname="8.4 Requisitos No Funcionales - Aplicación Real NFR-04: Compatibilidad Real debe manejar diferentes tipos de archivos correctamente" name="8.4 Requisitos No Funcionales - Aplicación Real NFR-04: Compatibilidad Real debe manejar diferentes tipos de archivos correctamente" time="0.959">
    </testcase>
    <testcase classname="8.4 Requisitos No Funcionales - Aplicación Real NFR-05: Seguridad Real debe validar entrada de usuario correctamente" name="8.4 Requisitos No Funcionales - Aplicación Real NFR-05: Seguridad Real debe validar entrada de usuario correctamente" time="0.003">
    </testcase>
    <testcase classname="8.4 Requisitos No Funcionales - Aplicación Real NFR-05: Seguridad Real debe manejar datos sensibles de forma segura" name="8.4 Requisitos No Funcionales - Aplicación Real NFR-05: Seguridad Real debe manejar datos sensibles de forma segura" time="0.106">
    </testcase>
  </testsuite>
</testsuites>