<?xml version="1.0" encoding="UTF-8"?>
<testsuites name="jest tests" tests="10" failures="0" errors="0" time="2.001">
  <testsuite name="8.2 Pruebas de Integración Avanzadas" errors="0" failures="0" skipped="0" timestamp="2025-09-18T09:42:36" time="1.883" tests="10">
    <testcase classname="8.2 Pruebas de Integración Avanzadas Tests de Rendimiento y Escalabilidad debe sincronizar diagrama grande (50+ elementos) en tiempo razonable" name="8.2 Pruebas de Integración Avanzadas Tests de Rendimiento y Escalabilidad debe sincronizar diagrama grande (50+ elementos) en tiempo razonable" time="0.007">
    </testcase>
    <testcase classname="8.2 Pruebas de Integración Avanzadas Tests de Rendimiento y Escalabilidad debe manejar 10 cambios concurrentes sin conflictos" name="8.2 Pruebas de Integración Avanzadas Tests de Rendimiento y Escalabilidad debe manejar 10 cambios concurrentes sin conflictos" time="0.015">
    </testcase>
    <testcase classname="8.2 Pruebas de Integración Avanzadas Tests de Rendimiento y Escalabilidad debe mantener rendimiento con matriz RASCI compleja" name="8.2 Pruebas de Integración Avanzadas Tests de Rendimiento y Escalabilidad debe mantener rendimiento con matriz RASCI compleja" time="0.002">
    </testcase>
    <testcase classname="8.2 Pruebas de Integración Avanzadas Tests de Casos Edge Avanzados debe manejar PPIs con múltiples referencias cruzadas" name="8.2 Pruebas de Integración Avanzadas Tests de Casos Edge Avanzados debe manejar PPIs con múltiples referencias cruzadas" time="0.004">
    </testcase>
    <testcase classname="8.2 Pruebas de Integración Avanzadas Tests de Casos Edge Avanzados debe validar límites del sistema y rechazar excesos" name="8.2 Pruebas de Integración Avanzadas Tests de Casos Edge Avanzados debe validar límites del sistema y rechazar excesos" time="0.004">
    </testcase>
    <testcase classname="8.2 Pruebas de Integración Avanzadas Tests de Casos Edge Avanzados debe manejar sincronización incremental optimizada" name="8.2 Pruebas de Integración Avanzadas Tests de Casos Edge Avanzados debe manejar sincronización incremental optimizada" time="0.003">
    </testcase>
    <testcase classname="8.2 Pruebas de Integración Avanzadas Tests de Seguridad y Validación Avanzada debe sanitizar y validar inputs maliciosos en integración" name="8.2 Pruebas de Integración Avanzadas Tests de Seguridad y Validación Avanzada debe sanitizar y validar inputs maliciosos en integración" time="0.006">
    </testcase>
    <testcase classname="8.2 Pruebas de Integración Avanzadas Tests de Seguridad y Validación Avanzada debe validar integridad de datos durante operaciones críticas" name="8.2 Pruebas de Integración Avanzadas Tests de Seguridad y Validación Avanzada debe validar integridad de datos durante operaciones críticas" time="0.003">
    </testcase>
    <testcase classname="8.2 Pruebas de Integración Avanzadas Tests de Recuperación y Resiliencia debe recuperar estado tras múltiples fallos consecutivos" name="8.2 Pruebas de Integración Avanzadas Tests de Recuperación y Resiliencia debe recuperar estado tras múltiples fallos consecutivos" time="0.002">
    </testcase>
    <testcase classname="8.2 Pruebas de Integración Avanzadas Tests de Recuperación y Resiliencia debe manejar degradación gradual del rendimiento" name="8.2 Pruebas de Integración Avanzadas Tests de Recuperación y Resiliencia debe manejar degradación gradual del rendimiento" time="0.003">
    </testcase>
  </testsuite>
</testsuites>