<?xml version="1.0" encoding="UTF-8"?>
<testsuites name="jest tests" tests="21" failures="0" errors="0" time="2.446">
  <testsuite name="8.1 Pruebas Unitarias - PPIDataManager con LocalStorage" errors="0" failures="0" skipped="20" timestamp="2025-09-21T23:13:17" time="1.71" tests="21">
    <testcase classname="8.1 Pruebas Unitarias - PPIDataManager con LocalStorage Inicialización del PPIDataManager debe inicializar correctamente con control de concurrencia" name="8.1 Pruebas Unitarias - PPIDataManager con LocalStorage Inicialización del PPIDataManager debe inicializar correctamente con control de concurrencia" time="0">
      <skipped/>
    </testcase>
    <testcase classname="8.1 Pruebas Unitarias - PPIDataManager con LocalStorage Inicialización del PPIDataManager debe cargar PPIs al inicializar" name="8.1 Pruebas Unitarias - PPIDataManager con LocalStorage Inicialización del PPIDataManager debe cargar PPIs al inicializar" time="0">
      <skipped/>
    </testcase>
    <testcase classname="8.1 Pruebas Unitarias - PPIDataManager con LocalStorage Control de concurrencia en guardado debe prevenir múltiples guardados simultáneos" name="8.1 Pruebas Unitarias - PPIDataManager con LocalStorage Control de concurrencia en guardado debe prevenir múltiples guardados simultáneos" time="0">
      <skipped/>
    </testcase>
    <testcase classname="8.1 Pruebas Unitarias - PPIDataManager con LocalStorage Control de concurrencia en guardado debe prevenir múltiples cargas simultáneas" name="8.1 Pruebas Unitarias - PPIDataManager con LocalStorage Control de concurrencia en guardado debe prevenir múltiples cargas simultáneas" time="0">
      <skipped/>
    </testcase>
    <testcase classname="8.1 Pruebas Unitarias - PPIDataManager con LocalStorage Control de concurrencia en guardado debe manejar el flag isSaving correctamente" name="8.1 Pruebas Unitarias - PPIDataManager con LocalStorage Control de concurrencia en guardado debe manejar el flag isSaving correctamente" time="0">
      <skipped/>
    </testcase>
    <testcase classname="8.1 Pruebas Unitarias - PPIDataManager con LocalStorage Control de concurrencia en guardado debe manejar el flag isLoading correctamente" name="8.1 Pruebas Unitarias - PPIDataManager con LocalStorage Control de concurrencia en guardado debe manejar el flag isLoading correctamente" time="0">
      <skipped/>
    </testcase>
    <testcase classname="8.1 Pruebas Unitarias - PPIDataManager con LocalStorage Operaciones CRUD con localStorage debe agregar PPI y guardar en localStorage" name="8.1 Pruebas Unitarias - PPIDataManager con LocalStorage Operaciones CRUD con localStorage debe agregar PPI y guardar en localStorage" time="0">
      <skipped/>
    </testcase>
    <testcase classname="8.1 Pruebas Unitarias - PPIDataManager con LocalStorage Operaciones CRUD con localStorage debe actualizar PPI y guardar en localStorage" name="8.1 Pruebas Unitarias - PPIDataManager con LocalStorage Operaciones CRUD con localStorage debe actualizar PPI y guardar en localStorage" time="0">
      <skipped/>
    </testcase>
    <testcase classname="8.1 Pruebas Unitarias - PPIDataManager con LocalStorage Operaciones CRUD con localStorage debe eliminar PPI y guardar en localStorage" name="8.1 Pruebas Unitarias - PPIDataManager con LocalStorage Operaciones CRUD con localStorage debe eliminar PPI y guardar en localStorage" time="0">
      <skipped/>
    </testcase>
    <testcase classname="8.1 Pruebas Unitarias - PPIDataManager con LocalStorage Carga de datos desde localStorage debe cargar PPIs desde localStorage correctamente" name="8.1 Pruebas Unitarias - PPIDataManager con LocalStorage Carga de datos desde localStorage debe cargar PPIs desde localStorage correctamente" time="0">
      <skipped/>
    </testcase>
    <testcase classname="8.1 Pruebas Unitarias - PPIDataManager con LocalStorage Carga de datos desde localStorage debe manejar carga cuando no hay datos guardados" name="8.1 Pruebas Unitarias - PPIDataManager con LocalStorage Carga de datos desde localStorage debe manejar carga cuando no hay datos guardados" time="0">
      <skipped/>
    </testcase>
    <testcase classname="8.1 Pruebas Unitarias - PPIDataManager con LocalStorage Carga de datos desde localStorage debe manejar datos corruptos en localStorage" name="8.1 Pruebas Unitarias - PPIDataManager con LocalStorage Carga de datos desde localStorage debe manejar datos corruptos en localStorage" time="0">
      <skipped/>
    </testcase>
    <testcase classname="8.1 Pruebas Unitarias - PPIDataManager con LocalStorage Compatibilidad con sistema anterior debe mantener compatibilidad con métodos existentes" name="8.1 Pruebas Unitarias - PPIDataManager con LocalStorage Compatibilidad con sistema anterior debe mantener compatibilidad con métodos existentes" time="0">
      <skipped/>
    </testcase>
    <testcase classname="8.1 Pruebas Unitarias - PPIDataManager con LocalStorage Compatibilidad con sistema anterior debe mantener estructura de datos compatible" name="8.1 Pruebas Unitarias - PPIDataManager con LocalStorage Compatibilidad con sistema anterior debe mantener estructura de datos compatible" time="0">
      <skipped/>
    </testcase>
    <testcase classname="8.1 Pruebas Unitarias - PPIDataManager con LocalStorage Rendimiento y eficiencia debe evitar guardados innecesarios" name="8.1 Pruebas Unitarias - PPIDataManager con LocalStorage Rendimiento y eficiencia debe evitar guardados innecesarios" time="0">
      <skipped/>
    </testcase>
    <testcase classname="8.1 Pruebas Unitarias - PPIDataManager con LocalStorage Rendimiento y eficiencia debe cargar datos de manera eficiente" name="8.1 Pruebas Unitarias - PPIDataManager con LocalStorage Rendimiento y eficiencia debe cargar datos de manera eficiente" time="0">
      <skipped/>
    </testcase>
    <testcase classname="8.1 Pruebas Unitarias - PPIDataManager con LocalStorage Manejo de errores debe manejar errores de validación" name="8.1 Pruebas Unitarias - PPIDataManager con LocalStorage Manejo de errores debe manejar errores de validación" time="0">
      <skipped/>
    </testcase>
    <testcase classname="8.1 Pruebas Unitarias - PPIDataManager con LocalStorage Manejo de errores debe manejar errores de índice en updatePPI" name="8.1 Pruebas Unitarias - PPIDataManager con LocalStorage Manejo de errores debe manejar errores de índice en updatePPI" time="0">
      <skipped/>
    </testcase>
    <testcase classname="8.1 Pruebas Unitarias - PPIDataManager con LocalStorage Manejo de errores debe manejar errores de índice en deletePPI" name="8.1 Pruebas Unitarias - PPIDataManager con LocalStorage Manejo de errores debe manejar errores de índice en deletePPI" time="0">
      <skipped/>
    </testcase>
    <testcase classname="8.1 Pruebas Unitarias - PPIDataManager con LocalStorage Filtrado de medidas agregadas debe excluir medidas agregadas del panel PPI" name="8.1 Pruebas Unitarias - PPIDataManager con LocalStorage Filtrado de medidas agregadas debe excluir medidas agregadas del panel PPI" time="0.149">
    </testcase>
    <testcase classname="8.1 Pruebas Unitarias - PPIDataManager con LocalStorage Filtrado de medidas agregadas debe excluir PPIs hijas/derivadas del panel PPI" name="8.1 Pruebas Unitarias - PPIDataManager con LocalStorage Filtrado de medidas agregadas debe excluir PPIs hijas/derivadas del panel PPI" time="0">
      <skipped/>
    </testcase>
  </testsuite>
</testsuites>