<?xml version="1.0" encoding="UTF-8"?>
<testsuites name="jest tests" tests="148" failures="8" errors="0" time="5.586">
  <testsuite name="8.1 Pruebas Unitarias - BPMN Validators Avanzados" errors="0" failures="0" skipped="0" timestamp="2025-09-18T15:03:52" time="2.7" tests="15">
    <testcase classname="8.1 Pruebas Unitarias - BPMN Validators Avanzados Validación de Eventos Obligatorios debe validar presencia de evento de inicio" name="8.1 Pruebas Unitarias - BPMN Validators Avanzados Validación de Eventos Obligatorios debe validar presencia de evento de inicio" time="0.017">
    </testcase>
    <testcase classname="8.1 Pruebas Unitarias - BPMN Validators Avanzados Validación de Eventos Obligatorios debe detectar ausencia de evento de inicio" name="8.1 Pruebas Unitarias - BPMN Validators Avanzados Validación de Eventos Obligatorios debe detectar ausencia de evento de inicio" time="0.002">
    </testcase>
    <testcase classname="8.1 Pruebas Unitarias - BPMN Validators Avanzados Validación de Eventos Obligatorios debe validar presencia de evento de fin" name="8.1 Pruebas Unitarias - BPMN Validators Avanzados Validación de Eventos Obligatorios debe validar presencia de evento de fin" time="0.003">
    </testcase>
    <testcase classname="8.1 Pruebas Unitarias - BPMN Validators Avanzados Validación de Eventos Obligatorios debe detectar ausencia de evento de fin" name="8.1 Pruebas Unitarias - BPMN Validators Avanzados Validación de Eventos Obligatorios debe detectar ausencia de evento de fin" time="0.001">
    </testcase>
    <testcase classname="8.1 Pruebas Unitarias - BPMN Validators Avanzados Detección de Ciclos Infinitos debe detectar ciclos sin eventos de fin" name="8.1 Pruebas Unitarias - BPMN Validators Avanzados Detección de Ciclos Infinitos debe detectar ciclos sin eventos de fin" time="0.009">
    </testcase>
    <testcase classname="8.1 Pruebas Unitarias - BPMN Validators Avanzados Detección de Ciclos Infinitos debe permitir ciclos con eventos de fin" name="8.1 Pruebas Unitarias - BPMN Validators Avanzados Detección de Ciclos Infinitos debe permitir ciclos con eventos de fin" time="0.003">
    </testcase>
    <testcase classname="8.1 Pruebas Unitarias - BPMN Validators Avanzados Detección de Ciclos Infinitos debe manejar XML sin ciclos" name="8.1 Pruebas Unitarias - BPMN Validators Avanzados Detección de Ciclos Infinitos debe manejar XML sin ciclos" time="0.003">
    </testcase>
    <testcase classname="8.1 Pruebas Unitarias - BPMN Validators Avanzados Detección de Ciclos Infinitos debe detectar ciclos complejos con algoritmo DFS" name="8.1 Pruebas Unitarias - BPMN Validators Avanzados Detección de Ciclos Infinitos debe detectar ciclos complejos con algoritmo DFS" time="0.004">
    </testcase>
    <testcase classname="8.1 Pruebas Unitarias - BPMN Validators Avanzados Extracción de Flujos Secuenciales debe extraer flujos del XML canónico" name="8.1 Pruebas Unitarias - BPMN Validators Avanzados Extracción de Flujos Secuenciales debe extraer flujos del XML canónico" time="0.002">
    </testcase>
    <testcase classname="8.1 Pruebas Unitarias - BPMN Validators Avanzados Extracción de Flujos Secuenciales debe manejar XML sin flujos" name="8.1 Pruebas Unitarias - BPMN Validators Avanzados Extracción de Flujos Secuenciales debe manejar XML sin flujos" time="0">
    </testcase>
    <testcase classname="8.1 Pruebas Unitarias - BPMN Validators Avanzados Estadísticas de Elementos BPMN debe contar elementos correctamente en diagrama canónico" name="8.1 Pruebas Unitarias - BPMN Validators Avanzados Estadísticas de Elementos BPMN debe contar elementos correctamente en diagrama canónico" time="0.001">
    </testcase>
    <testcase classname="8.1 Pruebas Unitarias - BPMN Validators Avanzados Estadísticas de Elementos BPMN debe manejar modeler sin elementRegistry" name="8.1 Pruebas Unitarias - BPMN Validators Avanzados Estadísticas de Elementos BPMN debe manejar modeler sin elementRegistry" time="0">
    </testcase>
    <testcase classname="8.1 Pruebas Unitarias - BPMN Validators Avanzados Tests Negativos para BPMN debe rechazar XML BPMN malformado" name="8.1 Pruebas Unitarias - BPMN Validators Avanzados Tests Negativos para BPMN debe rechazar XML BPMN malformado" time="0">
    </testcase>
    <testcase classname="8.1 Pruebas Unitarias - BPMN Validators Avanzados Tests Negativos para BPMN debe rechazar diagramas sin elementos obligatorios" name="8.1 Pruebas Unitarias - BPMN Validators Avanzados Tests Negativos para BPMN debe rechazar diagramas sin elementos obligatorios" time="0.001">
    </testcase>
    <testcase classname="8.1 Pruebas Unitarias - BPMN Validators Avanzados Tests Negativos para BPMN debe detectar elementos BPMN con tipos incorrectos" name="8.1 Pruebas Unitarias - BPMN Validators Avanzados Tests Negativos para BPMN debe detectar elementos BPMN con tipos incorrectos" time="0.002">
    </testcase>
  </testsuite>
  <testsuite name="8.1 Pruebas Unitarias - RASCI Core" errors="0" failures="0" skipped="0" timestamp="2025-09-18T15:03:52" time="3.103" tests="13">
    <testcase classname="8.1 Pruebas Unitarias - RASCI Core RasciStore - Gestión de Datos debe manejar operaciones básicas de roles" name="8.1 Pruebas Unitarias - RASCI Core RasciStore - Gestión de Datos debe manejar operaciones básicas de roles" time="0.06">
    </testcase>
    <testcase classname="8.1 Pruebas Unitarias - RASCI Core RasciStore - Gestión de Datos debe validar estructura de datos RASCI" name="8.1 Pruebas Unitarias - RASCI Core RasciStore - Gestión de Datos debe validar estructura de datos RASCI" time="0.008">
    </testcase>
    <testcase classname="8.1 Pruebas Unitarias - RASCI Core RASCIAdapter - Integración debe importar y instanciar RASCIAdapter" name="8.1 Pruebas Unitarias - RASCI Core RASCIAdapter - Integración debe importar y instanciar RASCIAdapter" time="0.064">
    </testcase>
    <testcase classname="8.1 Pruebas Unitarias - RASCI Core RASCIAdapter - Integración debe manejar comunicación con otros módulos" name="8.1 Pruebas Unitarias - RASCI Core RASCIAdapter - Integración debe manejar comunicación con otros módulos" time="0.015">
    </testcase>
    <testcase classname="8.1 Pruebas Unitarias - RASCI Core RASCI Validation - Validadores Reales debe ejecutar validación de matriz real" name="8.1 Pruebas Unitarias - RASCI Core RASCI Validation - Validadores Reales debe ejecutar validación de matriz real" time="0.128">
    </testcase>
    <testcase classname="8.1 Pruebas Unitarias - RASCI Core RASCI Validation - Validadores Reales debe validar reglas RASCI básicas" name="8.1 Pruebas Unitarias - RASCI Core RASCI Validation - Validadores Reales debe validar reglas RASCI básicas" time="0.003">
    </testcase>
    <testcase classname="8.1 Pruebas Unitarias - RASCI Core RASCI Mapping - Mapeo Automático debe ejecutar funciones de mapeo básicas" name="8.1 Pruebas Unitarias - RASCI Core RASCI Mapping - Mapeo Automático debe ejecutar funciones de mapeo básicas" time="0.003">
    </testcase>
    <testcase classname="8.1 Pruebas Unitarias - RASCI Core RASCI Mapping - Mapeo Automático debe manejar auto-mapping de roles" name="8.1 Pruebas Unitarias - RASCI Core RASCI Mapping - Mapeo Automático debe manejar auto-mapping de roles" time="0.002">
    </testcase>
    <testcase classname="8.1 Pruebas Unitarias - RASCI Core RASCI UI - Validadores de Interfaz debe manejar validación de UI" name="8.1 Pruebas Unitarias - RASCI Core RASCI UI - Validadores de Interfaz debe manejar validación de UI" time="0.04">
    </testcase>
    <testcase classname="8.1 Pruebas Unitarias - RASCI Core RASCI UI - Validadores de Interfaz debe generar mensajes de validación" name="8.1 Pruebas Unitarias - RASCI Core RASCI UI - Validadores de Interfaz debe generar mensajes de validación" time="0.004">
    </testcase>
    <testcase classname="8.1 Pruebas Unitarias - RASCI Core RASCI Change Management debe manejar cola de cambios" name="8.1 Pruebas Unitarias - RASCI Core RASCI Change Management debe manejar cola de cambios" time="0.002">
    </testcase>
    <testcase classname="8.1 Pruebas Unitarias - RASCI Core RASCI Change Management debe gestionar estado de cambios pendientes" name="8.1 Pruebas Unitarias - RASCI Core RASCI Change Management debe gestionar estado de cambios pendientes" time="0.001">
    </testcase>
    <testcase classname="8.1 Pruebas Unitarias - RASCI Core RASCI Configuration debe cargar configuración de validación" name="8.1 Pruebas Unitarias - RASCI Core RASCI Configuration debe cargar configuración de validación" time="0.013">
    </testcase>
  </testsuite>
  <testsuite name="8.1 Pruebas Unitarias - StorageManager REAL" errors="0" failures="0" skipped="0" timestamp="2025-09-18T15:03:52" time="3.152" tests="8">
    <testcase classname="8.1 Pruebas Unitarias - StorageManager REAL registro en el ServiceRegistry registra la instancia y los métodos públicos" name="8.1 Pruebas Unitarias - StorageManager REAL registro en el ServiceRegistry registra la instancia y los métodos públicos" time="0.03">
    </testcase>
    <testcase classname="8.1 Pruebas Unitarias - StorageManager REAL gestión de limpieza básica clearStorage elimina claves no preservadas y limpia RASCI/PPI" name="8.1 Pruebas Unitarias - StorageManager REAL gestión de limpieza básica clearStorage elimina claves no preservadas y limpia RASCI/PPI" time="0.014">
    </testcase>
    <testcase classname="8.1 Pruebas Unitarias - StorageManager REAL gestión de limpieza básica clearStorage propaga el error cuando forcePanelDataReload falla" name="8.1 Pruebas Unitarias - StorageManager REAL gestión de limpieza básica clearStorage propaga el error cuando forcePanelDataReload falla" time="0.114">
    </testcase>
    <testcase classname="8.1 Pruebas Unitarias - StorageManager REAL preparación e importación prepareForImport limpia sin marcar storageCleared" name="8.1 Pruebas Unitarias - StorageManager REAL preparación e importación prepareForImport limpia sin marcar storageCleared" time="0.004">
    </testcase>
    <testcase classname="8.1 Pruebas Unitarias - StorageManager REAL preparación e importación prepareForImport retorna false si la limpieza falla" name="8.1 Pruebas Unitarias - StorageManager REAL preparación e importación prepareForImport retorna false si la limpieza falla" time="0.007">
    </testcase>
    <testcase classname="8.1 Pruebas Unitarias - StorageManager REAL reset completo de almacenamiento resetStorage crea diagrama limpio y estado inicial" name="8.1 Pruebas Unitarias - StorageManager REAL reset completo de almacenamiento resetStorage crea diagrama limpio y estado inicial" time="0.005">
    </testcase>
    <testcase classname="8.1 Pruebas Unitarias - StorageManager REAL reset completo de almacenamiento resetStorage retorna false cuando crear el diagrama falla" name="8.1 Pruebas Unitarias - StorageManager REAL reset completo de almacenamiento resetStorage retorna false cuando crear el diagrama falla" time="0.002">
    </testcase>
    <testcase classname="8.1 Pruebas Unitarias - StorageManager REAL utilidades de almacenamiento createBackup persiste el snapshot del estado actual" name="8.1 Pruebas Unitarias - StorageManager REAL utilidades de almacenamiento createBackup persiste el snapshot del estado actual" time="0.007">
    </testcase>
  </testsuite>
  <testsuite name="8.1 Pruebas Unitarias - EventBus" errors="0" failures="0" skipped="0" timestamp="2025-09-18T15:03:52" time="2.843" tests="16">
    <testcase classname="8.1 Pruebas Unitarias - EventBus Gestión de Instancia Singleton debe crear instancia singleton correctamente" name="8.1 Pruebas Unitarias - EventBus Gestión de Instancia Singleton debe crear instancia singleton correctamente" time="0.012">
    </testcase>
    <testcase classname="8.1 Pruebas Unitarias - EventBus Gestión de Instancia Singleton debe mantener estado consistente entre llamadas" name="8.1 Pruebas Unitarias - EventBus Gestión de Instancia Singleton debe mantener estado consistente entre llamadas" time="0.012">
    </testcase>
    <testcase classname="8.1 Pruebas Unitarias - EventBus Suscripción y Publicación de Eventos debe registrar y ejecutar suscriptores correctamente" name="8.1 Pruebas Unitarias - EventBus Suscripción y Publicación de Eventos debe registrar y ejecutar suscriptores correctamente" time="0.018">
    </testcase>
    <testcase classname="8.1 Pruebas Unitarias - EventBus Suscripción y Publicación de Eventos debe manejar múltiples suscriptores para el mismo evento" name="8.1 Pruebas Unitarias - EventBus Suscripción y Publicación de Eventos debe manejar múltiples suscriptores para el mismo evento" time="0.001">
    </testcase>
    <testcase classname="8.1 Pruebas Unitarias - EventBus Suscripción y Publicación de Eventos debe desuscribir correctamente" name="8.1 Pruebas Unitarias - EventBus Suscripción y Publicación de Eventos debe desuscribir correctamente" time="0.001">
    </testcase>
    <testcase classname="8.1 Pruebas Unitarias - EventBus Eventos Específicos del Sistema Multi-notación debe manejar eventos BPMN → PPINOT" name="8.1 Pruebas Unitarias - EventBus Eventos Específicos del Sistema Multi-notación debe manejar eventos BPMN → PPINOT" time="0.001">
    </testcase>
    <testcase classname="8.1 Pruebas Unitarias - EventBus Eventos Específicos del Sistema Multi-notación debe manejar eventos BPMN → RASCI" name="8.1 Pruebas Unitarias - EventBus Eventos Específicos del Sistema Multi-notación debe manejar eventos BPMN → RASCI" time="0.001">
    </testcase>
    <testcase classname="8.1 Pruebas Unitarias - EventBus Eventos Específicos del Sistema Multi-notación debe manejar eventos RASCI → RALPH" name="8.1 Pruebas Unitarias - EventBus Eventos Específicos del Sistema Multi-notación debe manejar eventos RASCI → RALPH" time="0.001">
    </testcase>
    <testcase classname="8.1 Pruebas Unitarias - EventBus Gestión de Historial de Eventos debe mantener historial de eventos" name="8.1 Pruebas Unitarias - EventBus Gestión de Historial de Eventos debe mantener historial de eventos" time="0.002">
    </testcase>
    <testcase classname="8.1 Pruebas Unitarias - EventBus Gestión de Historial de Eventos debe respetar límite de historial" name="8.1 Pruebas Unitarias - EventBus Gestión de Historial de Eventos debe respetar límite de historial" time="0.003">
    </testcase>
    <testcase classname="8.1 Pruebas Unitarias - EventBus Gestión de Historial de Eventos debe incluir timestamp en historial" name="8.1 Pruebas Unitarias - EventBus Gestión de Historial de Eventos debe incluir timestamp en historial" time="0.001">
    </testcase>
    <testcase classname="8.1 Pruebas Unitarias - EventBus Manejo de Errores debe manejar callbacks que lanzan excepciones" name="8.1 Pruebas Unitarias - EventBus Manejo de Errores debe manejar callbacks que lanzan excepciones" time="0.003">
    </testcase>
    <testcase classname="8.1 Pruebas Unitarias - EventBus Manejo de Errores debe manejar eventos sin suscriptores" name="8.1 Pruebas Unitarias - EventBus Manejo de Errores debe manejar eventos sin suscriptores" time="0">
    </testcase>
    <testcase classname="8.1 Pruebas Unitarias - EventBus Manejo de Errores debe validar parámetros de suscripción" name="8.1 Pruebas Unitarias - EventBus Manejo de Errores debe validar parámetros de suscripción" time="0.003">
    </testcase>
    <testcase classname="8.1 Pruebas Unitarias - EventBus Limpieza y Reset debe limpiar todos los suscriptores" name="8.1 Pruebas Unitarias - EventBus Limpieza y Reset debe limpiar todos los suscriptores" time="0.001">
    </testcase>
    <testcase classname="8.1 Pruebas Unitarias - EventBus Limpieza y Reset debe limpiar historial" name="8.1 Pruebas Unitarias - EventBus Limpieza y Reset debe limpiar historial" time="0.001">
    </testcase>
  </testsuite>
  <testsuite name="8.1 PPINOT - LocalStorage y Parentescos" errors="0" failures="0" skipped="0" timestamp="2025-09-18T15:03:52" time="3.377" tests="11">
    <testcase classname="8.1 PPINOT - LocalStorage y Parentescos LocalStorage: Persistencia de PPIs debe guardar y cargar PPIs con targets correctamente" name="8.1 PPINOT - LocalStorage y Parentescos LocalStorage: Persistencia de PPIs debe guardar y cargar PPIs con targets correctamente" time="0.183">
    </testcase>
    <testcase classname="8.1 PPINOT - LocalStorage y Parentescos LocalStorage: Persistencia de PPIs debe manejar PPIs huérfanos (targets inexistentes)" name="8.1 PPINOT - LocalStorage y Parentescos LocalStorage: Persistencia de PPIs debe manejar PPIs huérfanos (targets inexistentes)" time="0.008">
    </testcase>
    <testcase classname="8.1 PPINOT - LocalStorage y Parentescos Parentescos: Medidas Padre-Hijo debe validar jerarquía de medidas padre-hijo correctamente" name="8.1 PPINOT - LocalStorage y Parentescos Parentescos: Medidas Padre-Hijo debe validar jerarquía de medidas padre-hijo correctamente" time="0.003">
    </testcase>
    <testcase classname="8.1 PPINOT - LocalStorage y Parentescos Parentescos: Medidas Padre-Hijo debe detectar parentescos circulares o inválidos" name="8.1 PPINOT - LocalStorage y Parentescos Parentescos: Medidas Padre-Hijo debe detectar parentescos circulares o inválidos" time="0.009">
    </testcase>
    <testcase classname="8.1 PPINOT - LocalStorage y Parentescos Scope: Validación de Ámbitos debe validar scope correcto para cada tipo de medida" name="8.1 PPINOT - LocalStorage y Parentescos Scope: Validación de Ámbitos debe validar scope correcto para cada tipo de medida" time="0.003">
    </testcase>
    <testcase classname="8.1 PPINOT - LocalStorage y Parentescos Targets: Vinculación con Elementos BPMN debe sincronizar targets cuando cambian elementos BPMN" name="8.1 PPINOT - LocalStorage y Parentescos Targets: Vinculación con Elementos BPMN debe sincronizar targets cuando cambian elementos BPMN" time="0.003">
    </testcase>
    <testcase classname="8.1 PPINOT - LocalStorage y Parentescos Targets: Vinculación con Elementos BPMN debe manejar targets con tipos de elemento específicos" name="8.1 PPINOT - LocalStorage y Parentescos Targets: Vinculación con Elementos BPMN debe manejar targets con tipos de elemento específicos" time="0.003">
    </testcase>
    <testcase classname="8.1 PPINOT - LocalStorage y Parentescos Persistencia: Problemas Reales de LocalStorage debe detectar y manejar corrupción de datos PPINOT" name="8.1 PPINOT - LocalStorage y Parentescos Persistencia: Problemas Reales de LocalStorage debe detectar y manejar corrupción de datos PPINOT" time="0.007">
    </testcase>
    <testcase classname="8.1 PPINOT - LocalStorage y Parentescos Persistencia: Problemas Reales de LocalStorage debe manejar límites de localStorage con PPIs complejos" name="8.1 PPINOT - LocalStorage y Parentescos Persistencia: Problemas Reales de LocalStorage debe manejar límites de localStorage con PPIs complejos" time="0.009">
    </testcase>
    <testcase classname="8.1 PPINOT - LocalStorage y Parentescos Medidas Hijas: Relaciones Complejas debe validar dependencias entre medidas hijas" name="8.1 PPINOT - LocalStorage y Parentescos Medidas Hijas: Relaciones Complejas debe validar dependencias entre medidas hijas" time="0.003">
    </testcase>
    <testcase classname="8.1 PPINOT - LocalStorage y Parentescos Problemas Reales: Casos de Debugging debe reproducir y diagnosticar problemas específicos del sistema" name="8.1 PPINOT - LocalStorage y Parentescos Problemas Reales: Casos de Debugging debe reproducir y diagnosticar problemas específicos del sistema" time="0.002">
    </testcase>
  </testsuite>
  <testsuite name="8.1 Pruebas Unitarias - Validadores" errors="0" failures="0" skipped="0" timestamp="2025-09-18T15:03:55" time="0.214" tests="21">
    <testcase classname="8.1 Pruebas Unitarias - Validadores Validador BPMN - Lógica Básica debe validar XML BPMN válido" name="8.1 Pruebas Unitarias - Validadores Validador BPMN - Lógica Básica debe validar XML BPMN válido" time="0.006">
    </testcase>
    <testcase classname="8.1 Pruebas Unitarias - Validadores Validador BPMN - Lógica Básica debe detectar elementos BPMN en XML" name="8.1 Pruebas Unitarias - Validadores Validador BPMN - Lógica Básica debe detectar elementos BPMN en XML" time="0.002">
    </testcase>
    <testcase classname="8.1 Pruebas Unitarias - Validadores Validador BPMN - Lógica Básica debe identificar flujos secuenciales" name="8.1 Pruebas Unitarias - Validadores Validador BPMN - Lógica Básica debe identificar flujos secuenciales" time="0.001">
    </testcase>
    <testcase classname="8.1 Pruebas Unitarias - Validadores Validador PPINOT debe validar estructura de PPI" name="8.1 Pruebas Unitarias - Validadores Validador PPINOT debe validar estructura de PPI" time="0.001">
    </testcase>
    <testcase classname="8.1 Pruebas Unitarias - Validadores Validador PPINOT debe rechazar PPI con datos incompletos" name="8.1 Pruebas Unitarias - Validadores Validador PPINOT debe rechazar PPI con datos incompletos" time="0.001">
    </testcase>
    <testcase classname="8.1 Pruebas Unitarias - Validadores Validador RALPH debe validar definición de roles" name="8.1 Pruebas Unitarias - Validadores Validador RALPH debe validar definición de roles" time="0">
    </testcase>
    <testcase classname="8.1 Pruebas Unitarias - Validadores Validador RALPH debe validar restricciones de roles" name="8.1 Pruebas Unitarias - Validadores Validador RALPH debe validar restricciones de roles" time="0">
    </testcase>
    <testcase classname="8.1 Pruebas Unitarias - Validadores Validador RASCI debe validar matriz consistente con tareas BPMN" name="8.1 Pruebas Unitarias - Validadores Validador RASCI debe validar matriz consistente con tareas BPMN" time="0.007">
    </testcase>
    <testcase classname="8.1 Pruebas Unitarias - Validadores Validador RASCI debe marcar tareas sin responsable como error crítico" name="8.1 Pruebas Unitarias - Validadores Validador RASCI debe marcar tareas sin responsable como error crítico" time="0.001">
    </testcase>
    <testcase classname="8.1 Pruebas Unitarias - Validadores Validador RASCI debe detectar responsables duplicados en la misma tarea" name="8.1 Pruebas Unitarias - Validadores Validador RASCI debe detectar responsables duplicados en la misma tarea" time="0.001">
    </testcase>
    <testcase classname="8.1 Pruebas Unitarias - Validadores Validador RASCI debe detectar múltiples aprobadores en una tarea" name="8.1 Pruebas Unitarias - Validadores Validador RASCI debe detectar múltiples aprobadores en una tarea" time="0.001">
    </testcase>
    <testcase classname="8.1 Pruebas Unitarias - Validadores Validador RASCI debe limpiar tareas que no existen en el modelo BPMN" name="8.1 Pruebas Unitarias - Validadores Validador RASCI debe limpiar tareas que no existen en el modelo BPMN" time="0.003">
    </testcase>
    <testcase classname="8.1 Pruebas Unitarias - Validadores Validador RASCI debe advertir cuando un rol de soporte no está definido en PPINOT" name="8.1 Pruebas Unitarias - Validadores Validador RASCI debe advertir cuando un rol de soporte no está definido en PPINOT" time="0.005">
    </testcase>
    <testcase classname="8.1 Pruebas Unitarias - Validadores Validador RASCI validateSpecificCell debe rechazar caracteres inválidos" name="8.1 Pruebas Unitarias - Validadores Validador RASCI validateSpecificCell debe rechazar caracteres inválidos" time="0.001">
    </testcase>
    <testcase classname="8.1 Pruebas Unitarias - Validadores Validador RASCI validateRealTime devuelve únicamente errores críticos" name="8.1 Pruebas Unitarias - Validadores Validador RASCI validateRealTime devuelve únicamente errores críticos" time="0.001">
    </testcase>
    <testcase classname="8.1 Pruebas Unitarias - Validadores Validador de Proyecto Completo debe validar proyecto .mmproject completo" name="8.1 Pruebas Unitarias - Validadores Validador de Proyecto Completo debe validar proyecto .mmproject completo" time="0.002">
    </testcase>
    <testcase classname="8.1 Pruebas Unitarias - Validadores Validador de Proyecto Completo debe detectar inconsistencias entre notaciones" name="8.1 Pruebas Unitarias - Validadores Validador de Proyecto Completo debe detectar inconsistencias entre notaciones" time="0.001">
    </testcase>
    <testcase classname="8.1 Pruebas Unitarias - Validadores Tests Negativos Explícitos debe rechazar XML BPMN malformado" name="8.1 Pruebas Unitarias - Validadores Tests Negativos Explícitos debe rechazar XML BPMN malformado" time="0.002">
    </testcase>
    <testcase classname="8.1 Pruebas Unitarias - Validadores Tests Negativos Explícitos debe rechazar estructuras PPINOT inválidas" name="8.1 Pruebas Unitarias - Validadores Tests Negativos Explícitos debe rechazar estructuras PPINOT inválidas" time="0.001">
    </testcase>
    <testcase classname="8.1 Pruebas Unitarias - Validadores Tests Negativos Explícitos debe rechazar matrices RASCI inválidas" name="8.1 Pruebas Unitarias - Validadores Tests Negativos Explícitos debe rechazar matrices RASCI inválidas" time="0.002">
    </testcase>
    <testcase classname="8.1 Pruebas Unitarias - Validadores Tests Negativos Explícitos debe fallar validación con datos circulares" name="8.1 Pruebas Unitarias - Validadores Tests Negativos Explícitos debe fallar validación con datos circulares" time="0.001">
    </testcase>
  </testsuite>
  <testsuite name="8.1 Pruebas Unitarias - MultiNotation Core" errors="0" failures="1" skipped="0" timestamp="2025-09-18T15:03:52" time="3.528" tests="6">
    <testcase classname="8.1 Pruebas Unitarias - MultiNotation Core Inicialización de Aplicación debe inicializar módulos principales correctamente" name="8.1 Pruebas Unitarias - MultiNotation Core Inicialización de Aplicación debe inicializar módulos principales correctamente" time="0.11">
    </testcase>
    <testcase classname="8.1 Pruebas Unitarias - MultiNotation Core Inicialización de Aplicación debe registrar servicios en ServiceRegistry durante inicialización" name="8.1 Pruebas Unitarias - MultiNotation Core Inicialización de Aplicación debe registrar servicios en ServiceRegistry durante inicialización" time="0.006">
    </testcase>
    <testcase classname="8.1 Pruebas Unitarias - MultiNotation Core Comunicación Entre Módulos debe facilitar comunicación RASCI ↔ PPINOT" name="8.1 Pruebas Unitarias - MultiNotation Core Comunicación Entre Módulos debe facilitar comunicación RASCI ↔ PPINOT" time="0.156">
    </testcase>
    <testcase classname="8.1 Pruebas Unitarias - MultiNotation Core Comunicación Entre Módulos debe sincronizar cambios entre notaciones de forma específica" name="8.1 Pruebas Unitarias - MultiNotation Core Comunicación Entre Módulos debe sincronizar cambios entre notaciones de forma específica" time="0.009">
      <failure>TypeError: Cannot read properties of undefined (reading &apos;getMatrixData&apos;)
    at getMatrixData (D:\ETSII\4 CARRERA\2C\TFG\MNModeler\tests\8.1-unitarias\multinotation-core.test.js:407:27)
    at Generator.call (D:\ETSII\4 CARRERA\2C\TFG\MNModeler\tests\8.1-unitarias\multinotation-core.test.js:2:1)
    at Generator._invoke [as next] (D:\ETSII\4 CARRERA\2C\TFG\MNModeler\tests\8.1-unitarias\multinotation-core.test.js:2:1)
    at asyncGeneratorStep (D:\ETSII\4 CARRERA\2C\TFG\MNModeler\tests\8.1-unitarias\multinotation-core.test.js:2:1)
    at asyncGeneratorStep (D:\ETSII\4 CARRERA\2C\TFG\MNModeler\tests\8.1-unitarias\multinotation-core.test.js:2:1)
    at processTicksAndRejections (node:internal/process/task_queues:105:5)</failure>
    </testcase>
    <testcase classname="8.1 Pruebas Unitarias - MultiNotation Core Validación Cross-Notation debe detectar inconsistencias específicas entre BPMN y RASCI" name="8.1 Pruebas Unitarias - MultiNotation Core Validación Cross-Notation debe detectar inconsistencias específicas entre BPMN y RASCI" time="0.003">
    </testcase>
    <testcase classname="8.1 Pruebas Unitarias - MultiNotation Core Validación Cross-Notation debe validar integridad de datos entre notaciones" name="8.1 Pruebas Unitarias - MultiNotation Core Validación Cross-Notation debe validar integridad de datos entre notaciones" time="0.002">
    </testcase>
  </testsuite>
  <testsuite name="8.1 Pruebas Unitarias - PPINOT Core Real" errors="0" failures="0" skipped="0" timestamp="2025-09-18T15:03:55" time="0.311" tests="11">
    <testcase classname="8.1 Pruebas Unitarias - PPINOT Core Real PPINOT Configuration - Configuración Principal debe cargar PPINOT_CONFIG con estructura completa" name="8.1 Pruebas Unitarias - PPINOT Core Real PPINOT Configuration - Configuración Principal debe cargar PPINOT_CONFIG con estructura completa" time="0.003">
    </testcase>
    <testcase classname="8.1 Pruebas Unitarias - PPINOT Core Real PPINOT Configuration - Configuración Principal debe incluir todos los tipos soportados desde Types.js" name="8.1 Pruebas Unitarias - PPINOT Core Real PPINOT Configuration - Configuración Principal debe incluir todos los tipos soportados desde Types.js" time="0.004">
    </testcase>
    <testcase classname="8.1 Pruebas Unitarias - PPINOT Core Real PPINOT Configuration - Configuración Principal debe incluir eventos PPINOT con sincronización" name="8.1 Pruebas Unitarias - PPINOT Core Real PPINOT Configuration - Configuración Principal debe incluir eventos PPINOT con sincronización" time="0.002">
    </testcase>
    <testcase classname="8.1 Pruebas Unitarias - PPINOT Core Real PPINOT Icons - Iconos SVG Reales debe cargar todos los iconos desde svg/index.js" name="8.1 Pruebas Unitarias - PPINOT Core Real PPINOT Icons - Iconos SVG Reales debe cargar todos los iconos desde svg/index.js" time="0.01">
    </testcase>
    <testcase classname="8.1 Pruebas Unitarias - PPINOT Core Real PPINOT Icons - Iconos SVG Reales debe mapear correctamente iconos desde svgIcons" name="8.1 Pruebas Unitarias - PPINOT Core Real PPINOT Icons - Iconos SVG Reales debe mapear correctamente iconos desde svgIcons" time="0.002">
    </testcase>
    <testcase classname="8.1 Pruebas Unitarias - PPINOT Core Real PPINOT Palette - Entradas de Paleta debe definir entradas de paleta completas" name="8.1 Pruebas Unitarias - PPINOT Core Real PPINOT Palette - Entradas de Paleta debe definir entradas de paleta completas" time="0.005">
    </testcase>
    <testcase classname="8.1 Pruebas Unitarias - PPINOT Core Real PPINOT Utilities - Funciones Utilitarias getIcon debe retornar iconos correctos" name="8.1 Pruebas Unitarias - PPINOT Core Real PPINOT Utilities - Funciones Utilitarias getIcon debe retornar iconos correctos" time="0.001">
    </testcase>
    <testcase classname="8.1 Pruebas Unitarias - PPINOT Core Real PPINOT Utilities - Funciones Utilitarias isSupportedType debe validar tipos correctamente" name="8.1 Pruebas Unitarias - PPINOT Core Real PPINOT Utilities - Funciones Utilitarias isSupportedType debe validar tipos correctamente" time="0">
    </testcase>
    <testcase classname="8.1 Pruebas Unitarias - PPINOT Core Real PPINOT Utilities - Funciones Utilitarias getPaletteEntry debe encontrar entradas por tipo" name="8.1 Pruebas Unitarias - PPINOT Core Real PPINOT Utilities - Funciones Utilitarias getPaletteEntry debe encontrar entradas por tipo" time="0">
    </testcase>
    <testcase classname="8.1 Pruebas Unitarias - PPINOT Core Real PPINOT Utilities - Funciones Utilitarias publishSynchronization debe publicar eventos correctamente" name="8.1 Pruebas Unitarias - PPINOT Core Real PPINOT Utilities - Funciones Utilitarias publishSynchronization debe publicar eventos correctamente" time="0.001">
    </testcase>
    <testcase classname="8.1 Pruebas Unitarias - PPINOT Core Real PPINOT Utilities - Funciones Utilitarias publishSynchronization debe fallar con eventBus inválido" name="8.1 Pruebas Unitarias - PPINOT Core Real PPINOT Utilities - Funciones Utilitarias publishSynchronization debe fallar con eventBus inválido" time="0.102">
    </testcase>
  </testsuite>
  <testsuite name="8.1 Pruebas Unitarias - AutosaveManager" errors="0" failures="0" skipped="0" timestamp="2025-09-18T15:03:55" time="0.331" tests="19">
    <testcase classname="8.1 Pruebas Unitarias - AutosaveManager Inicialización del AutosaveManager debe inicializar correctamente con configuración por defecto" name="8.1 Pruebas Unitarias - AutosaveManager Inicialización del AutosaveManager debe inicializar correctamente con configuración por defecto" time="0.011">
    </testcase>
    <testcase classname="8.1 Pruebas Unitarias - AutosaveManager Inicialización del AutosaveManager debe inicializar con configuración personalizada" name="8.1 Pruebas Unitarias - AutosaveManager Inicialización del AutosaveManager debe inicializar con configuración personalizada" time="0.002">
    </testcase>
    <testcase classname="8.1 Pruebas Unitarias - AutosaveManager Inicialización del AutosaveManager debe configurar listeners de eventos automáticamente" name="8.1 Pruebas Unitarias - AutosaveManager Inicialización del AutosaveManager debe configurar listeners de eventos automáticamente" time="0.002">
    </testcase>
    <testcase classname="8.1 Pruebas Unitarias - AutosaveManager Detección de Cambios debe detectar cambios en elementos BPMN" name="8.1 Pruebas Unitarias - AutosaveManager Detección de Cambios debe detectar cambios en elementos BPMN" time="0.016">
    </testcase>
    <testcase classname="8.1 Pruebas Unitarias - AutosaveManager Detección de Cambios debe detectar adición de elementos" name="8.1 Pruebas Unitarias - AutosaveManager Detección de Cambios debe detectar adición de elementos" time="0.003">
    </testcase>
    <testcase classname="8.1 Pruebas Unitarias - AutosaveManager Detección de Cambios debe detectar eliminación de elementos" name="8.1 Pruebas Unitarias - AutosaveManager Detección de Cambios debe detectar eliminación de elementos" time="0.008">
    </testcase>
    <testcase classname="8.1 Pruebas Unitarias - AutosaveManager Ejecución de Autoguardado debe ejecutar autoguardado cuando hay cambios" name="8.1 Pruebas Unitarias - AutosaveManager Ejecución de Autoguardado debe ejecutar autoguardado cuando hay cambios" time="0.008">
    </testcase>
    <testcase classname="8.1 Pruebas Unitarias - AutosaveManager Ejecución de Autoguardado debe programar autoguardado automático" name="8.1 Pruebas Unitarias - AutosaveManager Ejecución de Autoguardado debe programar autoguardado automático" time="0.005">
    </testcase>
    <testcase classname="8.1 Pruebas Unitarias - AutosaveManager Ejecución de Autoguardado debe publicar evento de autoguardado completado" name="8.1 Pruebas Unitarias - AutosaveManager Ejecución de Autoguardado debe publicar evento de autoguardado completado" time="0.003">
    </testcase>
    <testcase classname="8.1 Pruebas Unitarias - AutosaveManager Ejecución de Autoguardado no debe ejecutar autoguardado si no hay cambios" name="8.1 Pruebas Unitarias - AutosaveManager Ejecución de Autoguardado no debe ejecutar autoguardado si no hay cambios" time="0.003">
    </testcase>
    <testcase classname="8.1 Pruebas Unitarias - AutosaveManager Ejecución de Autoguardado debe evitar autoguardados concurrentes" name="8.1 Pruebas Unitarias - AutosaveManager Ejecución de Autoguardado debe evitar autoguardados concurrentes" time="0.02">
    </testcase>
    <testcase classname="8.1 Pruebas Unitarias - AutosaveManager Manejo de Errores debe manejar errores del modelador" name="8.1 Pruebas Unitarias - AutosaveManager Manejo de Errores debe manejar errores del modelador" time="0.009">
    </testcase>
    <testcase classname="8.1 Pruebas Unitarias - AutosaveManager Manejo de Errores debe manejar errores del storage" name="8.1 Pruebas Unitarias - AutosaveManager Manejo de Errores debe manejar errores del storage" time="0.003">
    </testcase>
    <testcase classname="8.1 Pruebas Unitarias - AutosaveManager Control de Estado debe habilitar y deshabilitar autoguardado" name="8.1 Pruebas Unitarias - AutosaveManager Control de Estado debe habilitar y deshabilitar autoguardado" time="0.002">
    </testcase>
    <testcase classname="8.1 Pruebas Unitarias - AutosaveManager Control de Estado debe forzar autoguardado manualmente" name="8.1 Pruebas Unitarias - AutosaveManager Control de Estado debe forzar autoguardado manualmente" time="0.004">
    </testcase>
    <testcase classname="8.1 Pruebas Unitarias - AutosaveManager Control de Estado debe limpiar recursos al destruir" name="8.1 Pruebas Unitarias - AutosaveManager Control de Estado debe limpiar recursos al destruir" time="0.005">
    </testcase>
    <testcase classname="8.1 Pruebas Unitarias - AutosaveManager Integración con Sistema Multi-notación debe guardar datos de todas las notaciones" name="8.1 Pruebas Unitarias - AutosaveManager Integración con Sistema Multi-notación debe guardar datos de todas las notaciones" time="0.005">
    </testcase>
    <testcase classname="8.1 Pruebas Unitarias - AutosaveManager Integración con Sistema Multi-notación debe responder a cambios en RASCI" name="8.1 Pruebas Unitarias - AutosaveManager Integración con Sistema Multi-notación debe responder a cambios en RASCI" time="0.002">
    </testcase>
    <testcase classname="8.1 Pruebas Unitarias - AutosaveManager Integración con Sistema Multi-notación debe responder a cambios en PPINOT" name="8.1 Pruebas Unitarias - AutosaveManager Integración con Sistema Multi-notación debe responder a cambios en PPINOT" time="0.001">
    </testcase>
  </testsuite>
  <testsuite name="8.1 Pruebas Unitarias - ServiceRegistry" errors="0" failures="0" skipped="0" timestamp="2025-09-18T15:03:55" time="0.13" tests="11">
    <testcase classname="8.1 Pruebas Unitarias - ServiceRegistry Registro de Servicios debe registrar un servicio correctamente" name="8.1 Pruebas Unitarias - ServiceRegistry Registro de Servicios debe registrar un servicio correctamente" time="0.001">
    </testcase>
    <testcase classname="8.1 Pruebas Unitarias - ServiceRegistry Registro de Servicios debe sobrescribir servicio existente" name="8.1 Pruebas Unitarias - ServiceRegistry Registro de Servicios debe sobrescribir servicio existente" time="0">
    </testcase>
    <testcase classname="8.1 Pruebas Unitarias - ServiceRegistry Registro de Servicios debe manejar servicios con factory functions" name="8.1 Pruebas Unitarias - ServiceRegistry Registro de Servicios debe manejar servicios con factory functions" time="0.001">
    </testcase>
    <testcase classname="8.1 Pruebas Unitarias - ServiceRegistry Resolución de Servicios debe resolver servicio registrado" name="8.1 Pruebas Unitarias - ServiceRegistry Resolución de Servicios debe resolver servicio registrado" time="0">
    </testcase>
    <testcase classname="8.1 Pruebas Unitarias - ServiceRegistry Resolución de Servicios debe retornar undefined para servicio no registrado" name="8.1 Pruebas Unitarias - ServiceRegistry Resolución de Servicios debe retornar undefined para servicio no registrado" time="0">
    </testcase>
    <testcase classname="8.1 Pruebas Unitarias - ServiceRegistry Resolución de Servicios debe manejar servicios singleton" name="8.1 Pruebas Unitarias - ServiceRegistry Resolución de Servicios debe manejar servicios singleton" time="0.001">
    </testcase>
    <testcase classname="8.1 Pruebas Unitarias - ServiceRegistry Gestión de Dependencias debe resolver dependencias automáticamente" name="8.1 Pruebas Unitarias - ServiceRegistry Gestión de Dependencias debe resolver dependencias automáticamente" time="0">
    </testcase>
    <testcase classname="8.1 Pruebas Unitarias - ServiceRegistry Gestión de Dependencias debe manejar dependencias circulares" name="8.1 Pruebas Unitarias - ServiceRegistry Gestión de Dependencias debe manejar dependencias circulares" time="0.003">
    </testcase>
    <testcase classname="8.1 Pruebas Unitarias - ServiceRegistry Utilidades del Registry debe listar todos los servicios registrados" name="8.1 Pruebas Unitarias - ServiceRegistry Utilidades del Registry debe listar todos los servicios registrados" time="0.001">
    </testcase>
    <testcase classname="8.1 Pruebas Unitarias - ServiceRegistry Utilidades del Registry debe verificar existencia de servicios" name="8.1 Pruebas Unitarias - ServiceRegistry Utilidades del Registry debe verificar existencia de servicios" time="0.002">
    </testcase>
    <testcase classname="8.1 Pruebas Unitarias - ServiceRegistry Utilidades del Registry debe limpiar servicios" name="8.1 Pruebas Unitarias - ServiceRegistry Utilidades del Registry debe limpiar servicios" time="0.001">
    </testcase>
  </testsuite>
  <testsuite name="8.1 Validación del Sistema Real - Sin Mocks Falsos" errors="0" failures="7" skipped="0" timestamp="2025-09-18T15:03:52" time="3.785" tests="12">
    <testcase classname="8.1 Validación del Sistema Real - Sin Mocks Falsos REAL: MultiNotationModelerCore debe importar y instanciar el MultiNotationModelerCore real" name="8.1 Validación del Sistema Real - Sin Mocks Falsos REAL: MultiNotationModelerCore debe importar y instanciar el MultiNotationModelerCore real" time="0.385">
    </testcase>
    <testcase classname="8.1 Validación del Sistema Real - Sin Mocks Falsos REAL: MultiNotationModelerCore debe inicializar el core real y publicar eventos reales" name="8.1 Validación del Sistema Real - Sin Mocks Falsos REAL: MultiNotationModelerCore debe inicializar el core real y publicar eventos reales" time="0.01">
      <failure>Error: expect(received).toBeGreaterThan(expected)

Expected: &gt; 0
Received:   0
    at toBeGreaterThan (D:\ETSII\4 CARRERA\2C\TFG\MNModeler\tests\8.1-unitarias\real-system-validation.test.js:123:44)
    at Generator.call (D:\ETSII\4 CARRERA\2C\TFG\MNModeler\tests\8.1-unitarias\real-system-validation.test.js:2:1)
    at Generator._invoke [as next] (D:\ETSII\4 CARRERA\2C\TFG\MNModeler\tests\8.1-unitarias\real-system-validation.test.js:2:1)
    at asyncGeneratorStep (D:\ETSII\4 CARRERA\2C\TFG\MNModeler\tests\8.1-unitarias\real-system-validation.test.js:2:1)
    at asyncGeneratorStep (D:\ETSII\4 CARRERA\2C\TFG\MNModeler\tests\8.1-unitarias\real-system-validation.test.js:2:1)
    at processTicksAndRejections (node:internal/process/task_queues:105:5)</failure>
    </testcase>
    <testcase classname="8.1 Validación del Sistema Real - Sin Mocks Falsos REAL: MultiNotationModelerCore debe registrar y obtener módulos reales" name="8.1 Validación del Sistema Real - Sin Mocks Falsos REAL: MultiNotationModelerCore debe registrar y obtener módulos reales" time="0.005">
    </testcase>
    <testcase classname="8.1 Validación del Sistema Real - Sin Mocks Falsos REAL: EventBus del Sistema debe usar el EventBus real del sistema" name="8.1 Validación del Sistema Real - Sin Mocks Falsos REAL: EventBus del Sistema debe usar el EventBus real del sistema" time="0.006">
      <failure>Error: expect(received).toBe(expected) // Object.is equality

Expected: 1
Received: 0
    at toBe (D:\ETSII\4 CARRERA\2C\TFG\MNModeler\tests\8.1-unitarias\real-system-validation.test.js:191:33)
    at Generator.call (D:\ETSII\4 CARRERA\2C\TFG\MNModeler\tests\8.1-unitarias\real-system-validation.test.js:2:1)
    at Generator._invoke [as next] (D:\ETSII\4 CARRERA\2C\TFG\MNModeler\tests\8.1-unitarias\real-system-validation.test.js:2:1)
    at asyncGeneratorStep (D:\ETSII\4 CARRERA\2C\TFG\MNModeler\tests\8.1-unitarias\real-system-validation.test.js:2:1)
    at asyncGeneratorStep (D:\ETSII\4 CARRERA\2C\TFG\MNModeler\tests\8.1-unitarias\real-system-validation.test.js:2:1)
    at processTicksAndRejections (node:internal/process/task_queues:105:5)</failure>
    </testcase>
    <testcase classname="8.1 Validación del Sistema Real - Sin Mocks Falsos REAL: ServiceRegistry del Sistema debe usar el ServiceRegistry real del sistema" name="8.1 Validación del Sistema Real - Sin Mocks Falsos REAL: ServiceRegistry del Sistema debe usar el ServiceRegistry real del sistema" time="0.005">
    </testcase>
    <testcase classname="8.1 Validación del Sistema Real - Sin Mocks Falsos REAL: StorageManager del Sistema debe usar el StorageManager real del sistema" name="8.1 Validación del Sistema Real - Sin Mocks Falsos REAL: StorageManager del Sistema debe usar el StorageManager real del sistema" time="0.01">
      <failure>Error: expect(received).toBe(expected) // Object.is equality

Expected: &quot;function&quot;
Received: &quot;undefined&quot;
    at toBe (D:\ETSII\4 CARRERA\2C\TFG\MNModeler\tests\8.1-unitarias\real-system-validation.test.js:270:46)
    at Generator.call (D:\ETSII\4 CARRERA\2C\TFG\MNModeler\tests\8.1-unitarias\real-system-validation.test.js:2:1)
    at Generator._invoke [as next] (D:\ETSII\4 CARRERA\2C\TFG\MNModeler\tests\8.1-unitarias\real-system-validation.test.js:2:1)
    at asyncGeneratorStep (D:\ETSII\4 CARRERA\2C\TFG\MNModeler\tests\8.1-unitarias\real-system-validation.test.js:2:1)
    at asyncGeneratorStep (D:\ETSII\4 CARRERA\2C\TFG\MNModeler\tests\8.1-unitarias\real-system-validation.test.js:2:1)
    at processTicksAndRejections (node:internal/process/task_queues:105:5)</failure>
    </testcase>
    <testcase classname="8.1 Validación del Sistema Real - Sin Mocks Falsos REAL: RASCI Manager y Adapter debe importar y usar el RASCIAdapter real" name="8.1 Validación del Sistema Real - Sin Mocks Falsos REAL: RASCI Manager y Adapter debe importar y usar el RASCIAdapter real" time="0.01">
    </testcase>
    <testcase classname="8.1 Validación del Sistema Real - Sin Mocks Falsos REAL: RASCI Manager y Adapter debe inicializar el módulo RASCI real" name="8.1 Validación del Sistema Real - Sin Mocks Falsos REAL: RASCI Manager y Adapter debe inicializar el módulo RASCI real" time="0.02">
    </testcase>
    <testcase classname="8.1 Validación del Sistema Real - Sin Mocks Falsos REAL: Coordinación Multi-Notación debe coordinar entre EventBus real y Core real" name="8.1 Validación del Sistema Real - Sin Mocks Falsos REAL: Coordinación Multi-Notación debe coordinar entre EventBus real y Core real" time="0.003">
      <failure>Error: expect(received).toBeGreaterThan(expected)

Expected: &gt; 0
Received:   0
    at toBeGreaterThan (D:\ETSII\4 CARRERA\2C\TFG\MNModeler\tests\8.1-unitarias\real-system-validation.test.js:479:41)
    at Generator.call (D:\ETSII\4 CARRERA\2C\TFG\MNModeler\tests\8.1-unitarias\real-system-validation.test.js:2:1)
    at Generator._invoke [as next] (D:\ETSII\4 CARRERA\2C\TFG\MNModeler\tests\8.1-unitarias\real-system-validation.test.js:2:1)
    at asyncGeneratorStep (D:\ETSII\4 CARRERA\2C\TFG\MNModeler\tests\8.1-unitarias\real-system-validation.test.js:2:1)
    at asyncGeneratorStep (D:\ETSII\4 CARRERA\2C\TFG\MNModeler\tests\8.1-unitarias\real-system-validation.test.js:2:1)
    at processTicksAndRejections (node:internal/process/task_queues:105:5)</failure>
    </testcase>
    <testcase classname="8.1 Validación del Sistema Real - Sin Mocks Falsos REAL: Coordinación Multi-Notación debe usar ServiceRegistry real para dependencias" name="8.1 Validación del Sistema Real - Sin Mocks Falsos REAL: Coordinación Multi-Notación debe usar ServiceRegistry real para dependencias" time="0.003">
      <failure>Error: expect(received).toBe(expected) // Object.is equality

Expected: false
Received: &quot;&quot;
    at toBe (D:\ETSII\4 CARRERA\2C\TFG\MNModeler\tests\8.1-unitarias\real-system-validation.test.js:518:33)
    at Generator.call (D:\ETSII\4 CARRERA\2C\TFG\MNModeler\tests\8.1-unitarias\real-system-validation.test.js:2:1)
    at Generator._invoke [as next] (D:\ETSII\4 CARRERA\2C\TFG\MNModeler\tests\8.1-unitarias\real-system-validation.test.js:2:1)
    at asyncGeneratorStep (D:\ETSII\4 CARRERA\2C\TFG\MNModeler\tests\8.1-unitarias\real-system-validation.test.js:2:1)
    at asyncGeneratorStep (D:\ETSII\4 CARRERA\2C\TFG\MNModeler\tests\8.1-unitarias\real-system-validation.test.js:2:1)
    at processTicksAndRejections (node:internal/process/task_queues:105:5)</failure>
    </testcase>
    <testcase classname="8.1 Validación del Sistema Real - Sin Mocks Falsos REAL: Persistencia y Almacenamiento debe guardar y cargar datos reales en localStorage" name="8.1 Validación del Sistema Real - Sin Mocks Falsos REAL: Persistencia y Almacenamiento debe guardar y cargar datos reales en localStorage" time="0.003">
      <failure>Error: expect(received).toBeNull()

Received: [TypeError: realStorageManager.save is not a function]
    at toBeNull (D:\ETSII\4 CARRERA\2C\TFG\MNModeler\tests\8.1-unitarias\real-system-validation.test.js:583:25)
    at Generator.call (D:\ETSII\4 CARRERA\2C\TFG\MNModeler\tests\8.1-unitarias\real-system-validation.test.js:2:1)
    at Generator._invoke [as next] (D:\ETSII\4 CARRERA\2C\TFG\MNModeler\tests\8.1-unitarias\real-system-validation.test.js:2:1)
    at asyncGeneratorStep (D:\ETSII\4 CARRERA\2C\TFG\MNModeler\tests\8.1-unitarias\real-system-validation.test.js:2:1)
    at asyncGeneratorStep (D:\ETSII\4 CARRERA\2C\TFG\MNModeler\tests\8.1-unitarias\real-system-validation.test.js:2:1)
    at processTicksAndRejections (node:internal/process/task_queues:105:5)</failure>
    </testcase>
    <testcase classname="8.1 Validación del Sistema Real - Sin Mocks Falsos REAL: Integración Completa del Sistema debe inicializar la aplicación real completa" name="8.1 Validación del Sistema Real - Sin Mocks Falsos REAL: Integración Completa del Sistema debe inicializar la aplicación real completa" time="0.053">
      <failure>Error: expect(received).toBeNull()

Received: [SyntaxError: Cannot use import statement outside a module]
    at toBeNull (D:\ETSII\4 CARRERA\2C\TFG\MNModeler\tests\8.1-unitarias\real-system-validation.test.js:631:27)
    at Generator.call (D:\ETSII\4 CARRERA\2C\TFG\MNModeler\tests\8.1-unitarias\real-system-validation.test.js:2:1)
    at Generator._invoke [as throw] (D:\ETSII\4 CARRERA\2C\TFG\MNModeler\tests\8.1-unitarias\real-system-validation.test.js:2:1)
    at asyncGeneratorStep (D:\ETSII\4 CARRERA\2C\TFG\MNModeler\tests\8.1-unitarias\real-system-validation.test.js:2:1)
    at asyncGeneratorStep (D:\ETSII\4 CARRERA\2C\TFG\MNModeler\tests\8.1-unitarias\real-system-validation.test.js:2:1)
    at processTicksAndRejections (node:internal/process/task_queues:105:5)</failure>
    </testcase>
  </testsuite>
  <testsuite name="8.1 Pruebas Unitarias - Validación Formato .mmproject" errors="0" failures="0" skipped="0" timestamp="2025-09-18T15:03:56" time="0.361" tests="5">
    <testcase classname="8.1 Pruebas Unitarias - Validación Formato .mmproject Validaciones positivas con gestores reales debe validar proyecto .mmproject exportado por ImportExportManager" name="8.1 Pruebas Unitarias - Validación Formato .mmproject Validaciones positivas con gestores reales debe validar proyecto .mmproject exportado por ImportExportManager" time="0.052">
    </testcase>
    <testcase classname="8.1 Pruebas Unitarias - Validación Formato .mmproject Validaciones positivas con gestores reales debe validar proyecto .mmproject generado por AutosaveManager REAL" name="8.1 Pruebas Unitarias - Validación Formato .mmproject Validaciones positivas con gestores reales debe validar proyecto .mmproject generado por AutosaveManager REAL" time="0.01">
    </testcase>
    <testcase classname="8.1 Pruebas Unitarias - Validación Formato .mmproject Validaciones negativas ante cambios estructurales debe rechazar proyecto con paneles críticos faltantes" name="8.1 Pruebas Unitarias - Validación Formato .mmproject Validaciones negativas ante cambios estructurales debe rechazar proyecto con paneles críticos faltantes" time="0.017">
    </testcase>
    <testcase classname="8.1 Pruebas Unitarias - Validación Formato .mmproject Validaciones negativas ante cambios estructurales debe detectar incoherencias entre PPIs y conexiones BPMN" name="8.1 Pruebas Unitarias - Validación Formato .mmproject Validaciones negativas ante cambios estructurales debe detectar incoherencias entre PPIs y conexiones BPMN" time="0.009">
    </testcase>
    <testcase classname="8.1 Pruebas Unitarias - Validación Formato .mmproject Validaciones negativas ante cambios estructurales debe detectar violaciones críticas en la matriz RASCI" name="8.1 Pruebas Unitarias - Validación Formato .mmproject Validaciones negativas ante cambios estructurales debe detectar violaciones críticas en la matriz RASCI" time="0.014">
    </testcase>
  </testsuite>
</testsuites>