<?xml version="1.0" encoding="UTF-8"?>
<testsuites name="jest tests" tests="23" failures="0" errors="0" time="4.118">
  <testsuite name="tests\sprint1\modules-coverage.test.js" errors="0" failures="0" skipped="0" timestamp="2025-09-18T07:59:11" time="2.457" tests="23">
    <testcase classname="Cobertura de Módulos Específicos › Módulos PPINOT - Cobertura Exhaustiva" name="debe ejercitar módulo principal PPINOT" time="0.137">
    </testcase>
    <testcase classname="Cobertura de Módulos Específicos › Módulos PPINOT - Cobertura Exhaustiva" name="debe ejercitar tipos PPINOT exhaustivamente" time="0.08">
    </testcase>
    <testcase classname="Cobertura de Módulos Específicos › Módulos PPINOT - Cobertura Exhaustiva" name="debe ejercitar configuración PPINOT" time="0.004">
    </testcase>
    <testcase classname="Cobertura de Módulos Específicos › Módulos PPINOT - Cobertura Exhaustiva" name="debe ejercitar SVGs PPINOT" time="0.011">
    </testcase>
    <testcase classname="Cobertura de Módulos Específicos › Módulos RALPH - Cobertura Exhaustiva" name="debe ejercitar módulo principal RALPH" time="0.029">
    </testcase>
    <testcase classname="Cobertura de Módulos Específicos › Módulos RALPH - Cobertura Exhaustiva" name="debe ejercitar tipos RALPH exhaustivamente" time="0.015">
    </testcase>
    <testcase classname="Cobertura de Módulos Específicos › Módulos RALPH - Cobertura Exhaustiva" name="debe ejercitar SVGs RALPH" time="0.023">
    </testcase>
    <testcase classname="Cobertura de Módulos Específicos › Módulos RASCI Avanzados - Cobertura Masiva" name="debe ejercitar RASCIAdapter" time="0.038">
    </testcase>
    <testcase classname="Cobertura de Módulos Específicos › Módulos RASCI Avanzados - Cobertura Masiva" name="debe ejercitar core RASCI masivamente" time="0.276">
    </testcase>
    <testcase classname="Cobertura de Módulos Específicos › Módulos RASCI Avanzados - Cobertura Masiva" name="debe ejercitar mapeo RASCI" time="0.003">
    </testcase>
    <testcase classname="Cobertura de Módulos Específicos › Módulos RASCI Avanzados - Cobertura Masiva" name="debe ejercitar validadores RASCI" time="0.002">
    </testcase>
    <testcase classname="Cobertura de Módulos Específicos › Módulos PPI - Cobertura Exhaustiva" name="debe ejercitar eventos PPI" time="0.005">
    </testcase>
    <testcase classname="Cobertura de Módulos Específicos › Módulos PPI - Cobertura Exhaustiva" name="debe ejercitar tipos PPI core" time="0.004">
    </testcase>
    <testcase classname="Cobertura de Módulos Específicos › Módulos PPI - Cobertura Exhaustiva" name="debe ejercitar retry utility" time="0.008">
    </testcase>
    <testcase classname="Cobertura de Módulos Específicos › Módulos PPI - Cobertura Exhaustiva" name="debe ejercitar sync bridge" time="0.009">
    </testcase>
    <testcase classname="Cobertura de Módulos Específicos › Módulos MultiNotation - Cobertura Masiva" name="debe ejercitar MultiNotationConnect" time="0.026">
    </testcase>
    <testcase classname="Cobertura de Módulos Específicos › Módulos MultiNotation - Cobertura Masiva" name="debe ejercitar ElementFactory" time="0.017">
    </testcase>
    <testcase classname="Cobertura de Módulos Específicos › Módulos MultiNotation - Cobertura Masiva" name="debe ejercitar PaletteProvider" time="0.016">
    </testcase>
    <testcase classname="Cobertura de Módulos Específicos › Managers y Servicios - Cobertura Exhaustiva" name="debe ejercitar managers UI" time="0.125">
    </testcase>
    <testcase classname="Cobertura de Módulos Específicos › Managers y Servicios - Cobertura Exhaustiva" name="debe ejercitar componentes UI" time="0.002">
    </testcase>
    <testcase classname="Cobertura de Módulos Específicos › Utilidades del Sistema - Cobertura Masiva" name="debe ejercitar canvas utils" time="0.013">
    </testcase>
    <testcase classname="Cobertura de Módulos Específicos › Utilidades del Sistema - Cobertura Masiva" name="debe ejercitar core integration" time="0.002">
    </testcase>
    <testcase classname="Cobertura de Módulos Específicos › Utilidades del Sistema - Cobertura Masiva" name="debe ejercitar boot system" time="0.012">
    </testcase>
  </testsuite>
</testsuites>